Picked up JAVA_TOOL_OPTIONS: -XX:CICompilerCount=2 -XX:ParallelGCThreads=2 -XX:ConcGCThreads=2 -Djdk.net.URLClassPath.disableClassPathURLCheck=true 
Java HotSpot(TM) 64-Bit Server VM warning: ignoring option MaxPermSize=512m; support was removed in 8.0
Picked up _JAVA_OPTIONS: -Djdk.net.URLClassPath.disableClassPathURLCheck=true
Apache Maven 3.5.0 (Red Hat 3.5.0-4.3)
Maven home: /opt/rh/rh-maven35/root/usr/share/maven
Java version: 1.8.0_181, vendor: Oracle Corporation
Java home: /scratch/jmcampos/RTA/repair_them_all_framework/jdks/jdk1.8.0_181/jre
Default locale: en_US, platform encoding: UTF-8
OS name: "linux", version: "4.14.158-1.el7.retpoline.x86_64", arch: "amd64", family: "unix"
[INFO] Scanning for projects...
[INFO] Downloading: https://repo.spring.io/libs-snapshot-local/org/springframework/cloud/spring-cloud-gcp-dependencies/1.0.0.BUILD-SNAPSHOT/maven-metadata.xml
[INFO] Downloaded: https://repo.spring.io/libs-snapshot-local/org/springframework/cloud/spring-cloud-gcp-dependencies/1.0.0.BUILD-SNAPSHOT/maven-metadata.xml (647 B at 1.5 kB/s)
[INFO] 
[INFO] ------------------------------------------------------------------------
[INFO] Building Spring Cloud GCP Spanner Module 1.0.0.BUILD-SNAPSHOT
[INFO] ------------------------------------------------------------------------
[INFO] Downloading: https://repo.spring.io/libs-release-local/org/apache/maven/plugins/maven-failsafe-plugin/maven-metadata.xml
[INFO] Downloading: https://repo.spring.io/libs-milestone-local/org/apache/maven/plugins/maven-failsafe-plugin/maven-metadata.xml
[INFO] Downloading: https://repo.spring.io/libs-snapshot-local/org/apache/maven/plugins/maven-failsafe-plugin/maven-metadata.xml
[INFO] Downloading: https://repo.maven.apache.org/maven2/org/apache/maven/plugins/maven-failsafe-plugin/maven-metadata.xml
[INFO] Downloaded: https://repo.maven.apache.org/maven2/org/apache/maven/plugins/maven-failsafe-plugin/maven-metadata.xml (1.4 kB at 23 kB/s)
[INFO] Downloading: https://repo.spring.io/libs-milestone-local/org/apache/maven/plugins/maven-war-plugin/maven-metadata.xml
[INFO] Downloading: https://repo.spring.io/libs-snapshot-local/org/apache/maven/plugins/maven-war-plugin/maven-metadata.xml
[INFO] Downloading: https://repo.spring.io/libs-release-local/org/apache/maven/plugins/maven-war-plugin/maven-metadata.xml
[INFO] Downloading: https://repo.maven.apache.org/maven2/org/apache/maven/plugins/maven-war-plugin/maven-metadata.xml
[INFO] Downloaded: https://repo.maven.apache.org/maven2/org/apache/maven/plugins/maven-war-plugin/maven-metadata.xml (980 B at 89 kB/s)
[INFO] Downloading: https://repo.spring.io/libs-snapshot-local/org/codehaus/mojo/exec-maven-plugin/maven-metadata.xml
[INFO] Downloading: https://repo.spring.io/libs-milestone-local/org/codehaus/mojo/exec-maven-plugin/maven-metadata.xml
[INFO] Downloading: https://repo.spring.io/libs-release-local/org/codehaus/mojo/exec-maven-plugin/maven-metadata.xml
[INFO] Downloading: https://repo.maven.apache.org/maven2/org/codehaus/mojo/exec-maven-plugin/maven-metadata.xml
[INFO] Downloaded: https://repo.maven.apache.org/maven2/org/codehaus/mojo/exec-maven-plugin/maven-metadata.xml (741 B at 35 kB/s)
[INFO] Downloading: https://repo.spring.io/libs-snapshot-local/io/grpc/grpc-core/maven-metadata.xml
[INFO] Downloading: https://repo.spring.io/libs-milestone-local/io/grpc/grpc-core/maven-metadata.xml
[INFO] Downloading: https://repo.maven.apache.org/maven2/io/grpc/grpc-core/maven-metadata.xml
[INFO] Downloading: https://repo.spring.io/release/io/grpc/grpc-core/maven-metadata.xml
[INFO] Downloaded: https://repo.maven.apache.org/maven2/io/grpc/grpc-core/maven-metadata.xml (2.5 kB at 8.9 kB/s)
[INFO] Downloading: https://repo.spring.io/libs-snapshot-local/org/springframework/cloud/spring-cloud-gcp-core/1.0.0.BUILD-SNAPSHOT/maven-metadata.xml
[INFO] Downloaded: https://repo.spring.io/libs-snapshot-local/org/springframework/cloud/spring-cloud-gcp-core/1.0.0.BUILD-SNAPSHOT/maven-metadata.xml (1.3 kB at 7.1 kB/s)
[INFO] Downloading: https://repo.spring.io/libs-snapshot-local/org/springframework/cloud/spring-cloud-gcp/1.0.0.BUILD-SNAPSHOT/maven-metadata.xml
[INFO] Downloaded: https://repo.spring.io/libs-snapshot-local/org/springframework/cloud/spring-cloud-gcp/1.0.0.BUILD-SNAPSHOT/maven-metadata.xml (634 B at 3.7 kB/s)
[INFO] 
[INFO] --- maven-checkstyle-plugin:2.17:check (validate) @ spring-cloud-gcp-data-spanner ---
[INFO] 
[INFO] --- maven-checkstyle-plugin:2.17:check (checkstyle-validation) @ spring-cloud-gcp-data-spanner ---
[INFO] 
[INFO] --- maven-resources-plugin:2.6:resources (default-resources) @ spring-cloud-gcp-data-spanner ---
[INFO] Using 'UTF-8' encoding to copy filtered resources.
[INFO] skip non existing resourceDirectory /scratch/tmp-rta/Bears_spring-cloud-spring-cloud-gcp_365341004-365349415_java-8/spring-cloud-gcp-data-spanner/src/main/resources
[INFO] skip non existing resourceDirectory /scratch/tmp-rta/Bears_spring-cloud-spring-cloud-gcp_365341004-365349415_java-8/spring-cloud-gcp-data-spanner/src/main/resources
[INFO] 
[INFO] --- maven-compiler-plugin:3.1:compile (default-compile) @ spring-cloud-gcp-data-spanner ---
[INFO] Nothing to compile - all classes are up to date
[INFO] 
[INFO] --- maven-resources-plugin:2.6:testResources (default-testResources) @ spring-cloud-gcp-data-spanner ---
[INFO] Using 'UTF-8' encoding to copy filtered resources.
[INFO] Copying 2 resources
[INFO] 
[INFO] --- maven-compiler-plugin:3.1:testCompile (default-testCompile) @ spring-cloud-gcp-data-spanner ---
[INFO] Nothing to compile - all classes are up to date
[INFO] 
[INFO] --- maven-surefire-plugin:2.12.4:test (default-test) @ spring-cloud-gcp-data-spanner ---
[INFO] Surefire report directory: /scratch/tmp-rta/Bears_spring-cloud-spring-cloud-gcp_365341004-365349415_java-8/spring-cloud-gcp-data-spanner/target/surefire-reports
[INFO] Downloading: https://repo.spring.io/libs-milestone-local/org/apache/maven/surefire/surefire-junit4/2.12.4/surefire-junit4-2.12.4.pom
[INFO] Downloading: https://repo.spring.io/libs-release-local/org/apache/maven/surefire/surefire-junit4/2.12.4/surefire-junit4-2.12.4.pom
[INFO] Downloading: https://repo.maven.apache.org/maven2/org/apache/maven/surefire/surefire-junit4/2.12.4/surefire-junit4-2.12.4.pom
[INFO] Downloaded: https://repo.maven.apache.org/maven2/org/apache/maven/surefire/surefire-junit4/2.12.4/surefire-junit4-2.12.4.pom (2.4 kB at 172 kB/s)
[INFO] Downloading: https://repo.spring.io/libs-milestone-local/org/apache/maven/surefire/surefire-providers/2.12.4/surefire-providers-2.12.4.pom
[INFO] Downloading: https://repo.spring.io/libs-release-local/org/apache/maven/surefire/surefire-providers/2.12.4/surefire-providers-2.12.4.pom
[INFO] Downloading: https://repo.maven.apache.org/maven2/org/apache/maven/surefire/surefire-providers/2.12.4/surefire-providers-2.12.4.pom
[INFO] Downloaded: https://repo.maven.apache.org/maven2/org/apache/maven/surefire/surefire-providers/2.12.4/surefire-providers-2.12.4.pom (2.3 kB at 107 kB/s)
[INFO] Downloading: https://repo.spring.io/libs-milestone-local/org/apache/maven/surefire/surefire-junit4/2.12.4/surefire-junit4-2.12.4.jar
[INFO] Downloading: https://repo.spring.io/libs-release-local/org/apache/maven/surefire/surefire-junit4/2.12.4/surefire-junit4-2.12.4.jar
[INFO] Downloading: https://repo.maven.apache.org/maven2/org/apache/maven/surefire/surefire-junit4/2.12.4/surefire-junit4-2.12.4.jar
[INFO] Downloaded: https://repo.maven.apache.org/maven2/org/apache/maven/surefire/surefire-junit4/2.12.4/surefire-junit4-2.12.4.jar (37 kB at 1.8 MB/s)

-------------------------------------------------------
 T E S T S
-------------------------------------------------------
Picked up JAVA_TOOL_OPTIONS: -XX:CICompilerCount=2 -XX:ParallelGCThreads=2 -XX:ConcGCThreads=2 -Djdk.net.URLClassPath.disableClassPathURLCheck=true -XX:CICompilerCount=2 -XX:ParallelGCThreads=2 -XX:ConcGCThreads=2 -Djdk.net.URLClassPath.disableClassPathURLCheck=true 
Picked up _JAVA_OPTIONS: -Djdk.net.URLClassPath.disableClassPathURLCheck=true
Running org.springframework.cloud.gcp.data.spanner.core.it.SpannerTemplateIntegrationTests
18:22:15.272 [main] INFO  o.s.t.c.s.DefaultTestContextBootstrapper - Loaded default TestExecutionListener class names from location [META-INF/spring.factories]: [org.springframework.boot.test.mock.mockito.MockitoTestExecutionListener, org.springframework.boot.test.mock.mockito.ResetMocksTestExecutionListener, org.springframework.boot.test.autoconfigure.restdocs.RestDocsTestExecutionListener, org.springframework.boot.test.autoconfigure.web.client.MockRestServiceServerResetTestExecutionListener, org.springframework.boot.test.autoconfigure.web.servlet.MockMvcPrintOnlyOnFailureTestExecutionListener, org.springframework.boot.test.autoconfigure.web.servlet.WebDriverTestExecutionListener, org.springframework.test.context.web.ServletTestExecutionListener, org.springframework.test.context.support.DirtiesContextBeforeModesTestExecutionListener, org.springframework.test.context.support.DependencyInjectionTestExecutionListener, org.springframework.test.context.support.DirtiesContextTestExecutionListener, org.springframework.test.context.transaction.TransactionalTestExecutionListener, org.springframework.test.context.jdbc.SqlScriptsTestExecutionListener]
18:22:15.297 [main] INFO  o.s.t.c.s.DefaultTestContextBootstrapper - Using TestExecutionListeners: [org.springframework.test.context.support.DirtiesContextBeforeModesTestExecutionListener@1f3f4916, org.springframework.boot.test.mock.mockito.MockitoTestExecutionListener@794cb805, org.springframework.test.context.support.DependencyInjectionTestExecutionListener@4b5a5ed1, org.springframework.test.context.support.DirtiesContextTestExecutionListener@59d016c9, org.springframework.test.context.transaction.TransactionalTestExecutionListener@3cc2931c, org.springframework.test.context.jdbc.SqlScriptsTestExecutionListener@20d28811, org.springframework.boot.test.mock.mockito.ResetMocksTestExecutionListener@3967e60c, org.springframework.boot.test.autoconfigure.restdocs.RestDocsTestExecutionListener@60d8c9b7, org.springframework.boot.test.autoconfigure.web.client.MockRestServiceServerResetTestExecutionListener@48aaecc3, org.springframework.boot.test.autoconfigure.web.servlet.MockMvcPrintOnlyOnFailureTestExecutionListener@7c0c77c7, org.springframework.boot.test.autoconfigure.web.servlet.WebDriverTestExecutionListener@7adda9cc]
Tests run: 1, Failures: 0, Errors: 0, Skipped: 1, Time elapsed: 0.61 sec
Running org.springframework.cloud.gcp.data.spanner.core.SpannerQueryOptionsTests
Tests run: 6, Failures: 0, Errors: 0, Skipped: 0, Time elapsed: 0.001 sec
Running org.springframework.cloud.gcp.data.spanner.core.admin.SpannerSchemaUtilsTests
Tests run: 1, Failures: 0, Errors: 0, Skipped: 0, Time elapsed: 0 sec
Running org.springframework.cloud.gcp.data.spanner.core.SpannerReadOptionsTests
Tests run: 5, Failures: 0, Errors: 0, Skipped: 0, Time elapsed: 0 sec
Running org.springframework.cloud.gcp.data.spanner.core.mapping.SpannerPersistentEntityImplTests
Tests run: 12, Failures: 0, Errors: 0, Skipped: 0, Time elapsed: 0.024 sec
Running org.springframework.cloud.gcp.data.spanner.core.mapping.SpannerMappingContextTests
18:22:16.459 [main] INFO  o.s.t.c.s.DefaultTestContextBootstrapper - Neither @ContextConfiguration nor @ContextHierarchy found for test class [org.springframework.cloud.gcp.data.spanner.core.mapping.SpannerMappingContextTests], using DelegatingSmartContextLoader
18:22:16.461 [main] INFO  o.s.t.c.s.AbstractContextLoader - Could not detect default resource locations for test class [org.springframework.cloud.gcp.data.spanner.core.mapping.SpannerMappingContextTests]: no resource found for suffixes {-context.xml}.
18:22:16.462 [main] INFO  o.s.t.c.s.AnnotationConfigContextLoaderUtils - Could not detect default configuration classes for test class [org.springframework.cloud.gcp.data.spanner.core.mapping.SpannerMappingContextTests]: SpannerMappingContextTests does not declare any static, non-private, non-final, nested classes annotated with @Configuration.
18:22:16.465 [main] INFO  o.s.t.c.s.DefaultTestContextBootstrapper - Loaded default TestExecutionListener class names from location [META-INF/spring.factories]: [org.springframework.boot.test.mock.mockito.MockitoTestExecutionListener, org.springframework.boot.test.mock.mockito.ResetMocksTestExecutionListener, org.springframework.boot.test.autoconfigure.restdocs.RestDocsTestExecutionListener, org.springframework.boot.test.autoconfigure.web.client.MockRestServiceServerResetTestExecutionListener, org.springframework.boot.test.autoconfigure.web.servlet.MockMvcPrintOnlyOnFailureTestExecutionListener, org.springframework.boot.test.autoconfigure.web.servlet.WebDriverTestExecutionListener, org.springframework.test.context.web.ServletTestExecutionListener, org.springframework.test.context.support.DirtiesContextBeforeModesTestExecutionListener, org.springframework.test.context.support.DependencyInjectionTestExecutionListener, org.springframework.test.context.support.DirtiesContextTestExecutionListener, org.springframework.test.context.transaction.TransactionalTestExecutionListener, org.springframework.test.context.jdbc.SqlScriptsTestExecutionListener]
18:22:16.467 [main] INFO  o.s.t.c.s.DefaultTestContextBootstrapper - Using TestExecutionListeners: [org.springframework.test.context.support.DirtiesContextBeforeModesTestExecutionListener@305f7627, org.springframework.boot.test.mock.mockito.MockitoTestExecutionListener@5d018107, org.springframework.test.context.support.DependencyInjectionTestExecutionListener@6cbcf243, org.springframework.test.context.support.DirtiesContextTestExecutionListener@29e6eb25, org.springframework.test.context.transaction.TransactionalTestExecutionListener@62435e70, org.springframework.test.context.jdbc.SqlScriptsTestExecutionListener@339bf286, org.springframework.boot.test.mock.mockito.ResetMocksTestExecutionListener@38be305c, org.springframework.boot.test.autoconfigure.restdocs.RestDocsTestExecutionListener@269f4bad, org.springframework.boot.test.autoconfigure.web.client.MockRestServiceServerResetTestExecutionListener@5ed731d0, org.springframework.boot.test.autoconfigure.web.servlet.MockMvcPrintOnlyOnFailureTestExecutionListener@3234f74e, org.springframework.boot.test.autoconfigure.web.servlet.WebDriverTestExecutionListener@7bc10d84]
18:22:16.558 [main] INFO  o.s.c.s.GenericApplicationContext - Refreshing org.springframework.context.support.GenericApplicationContext@1c55f277: startup date [Fri Mar 13 18:22:16 PDT 2020]; root of context hierarchy
Tests run: 4, Failures: 0, Errors: 0, Skipped: 0, Time elapsed: 0.673 sec
Running org.springframework.cloud.gcp.data.spanner.core.mapping.ConversionUtilsTests
Tests run: 4, Failures: 0, Errors: 0, Skipped: 0, Time elapsed: 0.036 sec
Running org.springframework.cloud.gcp.data.spanner.core.mapping.SpannerPersistentPropertyImplTests
18:22:17.175 [main] INFO  o.s.t.c.s.DefaultTestContextBootstrapper - Neither @ContextConfiguration nor @ContextHierarchy found for test class [org.springframework.cloud.gcp.data.spanner.core.mapping.SpannerPersistentPropertyImplTests], using DelegatingSmartContextLoader
18:22:17.176 [main] INFO  o.s.t.c.s.AbstractContextLoader - Could not detect default resource locations for test class [org.springframework.cloud.gcp.data.spanner.core.mapping.SpannerPersistentPropertyImplTests]: no resource found for suffixes {-context.xml}.
18:22:17.177 [main] INFO  o.s.t.c.s.AnnotationConfigContextLoaderUtils - Could not detect default configuration classes for test class [org.springframework.cloud.gcp.data.spanner.core.mapping.SpannerPersistentPropertyImplTests]: SpannerPersistentPropertyImplTests does not declare any static, non-private, non-final, nested classes annotated with @Configuration.
18:22:17.179 [main] INFO  o.s.t.c.s.DefaultTestContextBootstrapper - Loaded default TestExecutionListener class names from location [META-INF/spring.factories]: [org.springframework.boot.test.mock.mockito.MockitoTestExecutionListener, org.springframework.boot.test.mock.mockito.ResetMocksTestExecutionListener, org.springframework.boot.test.autoconfigure.restdocs.RestDocsTestExecutionListener, org.springframework.boot.test.autoconfigure.web.client.MockRestServiceServerResetTestExecutionListener, org.springframework.boot.test.autoconfigure.web.servlet.MockMvcPrintOnlyOnFailureTestExecutionListener, org.springframework.boot.test.autoconfigure.web.servlet.WebDriverTestExecutionListener, org.springframework.test.context.web.ServletTestExecutionListener, org.springframework.test.context.support.DirtiesContextBeforeModesTestExecutionListener, org.springframework.test.context.support.DependencyInjectionTestExecutionListener, org.springframework.test.context.support.DirtiesContextTestExecutionListener, org.springframework.test.context.transaction.TransactionalTestExecutionListener, org.springframework.test.context.jdbc.SqlScriptsTestExecutionListener]
18:22:17.180 [main] INFO  o.s.t.c.s.DefaultTestContextBootstrapper - Using TestExecutionListeners: [org.springframework.test.context.support.DirtiesContextBeforeModesTestExecutionListener@73d6d0c, org.springframework.boot.test.mock.mockito.MockitoTestExecutionListener@e36bb2a, org.springframework.test.context.support.DependencyInjectionTestExecutionListener@3961a41a, org.springframework.test.context.support.DirtiesContextTestExecutionListener@5a4ed68f, org.springframework.test.context.transaction.TransactionalTestExecutionListener@367795c7, org.springframework.test.context.jdbc.SqlScriptsTestExecutionListener@d2387c8, org.springframework.boot.test.mock.mockito.ResetMocksTestExecutionListener@3956b302, org.springframework.boot.test.autoconfigure.restdocs.RestDocsTestExecutionListener@1500e009, org.springframework.boot.test.autoconfigure.web.client.MockRestServiceServerResetTestExecutionListener@1fd386c3, org.springframework.boot.test.autoconfigure.web.servlet.MockMvcPrintOnlyOnFailureTestExecutionListener@edf4f36, org.springframework.boot.test.autoconfigure.web.servlet.WebDriverTestExecutionListener@29d334c]
Tests run: 6, Failures: 0, Errors: 0, Skipped: 0, Time elapsed: 0.049 sec
Running org.springframework.cloud.gcp.data.spanner.core.mapping.SpannerKeyPropertyTests
Tests run: 32, Failures: 0, Errors: 0, Skipped: 0, Time elapsed: 0.091 sec
Running org.springframework.cloud.gcp.data.spanner.core.SpannerTemplateTests
Tests run: 30, Failures: 0, Errors: 0, Skipped: 0, Time elapsed: 0.574 sec
Running org.springframework.cloud.gcp.data.spanner.core.SpannerObjectMapperImplTests
Tests run: 11, Failures: 0, Errors: 0, Skipped: 0, Time elapsed: 0.397 sec
Running org.springframework.cloud.gcp.data.spanner.core.SpannerMutationFactoryImplTests
Tests run: 7, Failures: 0, Errors: 0, Skipped: 0, Time elapsed: 0.018 sec
Running org.springframework.cloud.gcp.data.spanner.repository.support.SpannerRepositoryImplTests
Tests run: 27, Failures: 0, Errors: 0, Skipped: 0, Time elapsed: 0.053 sec
Running org.springframework.cloud.gcp.data.spanner.repository.support.SpannerRepositoryFactoryBeanTests
Tests run: 1, Failures: 0, Errors: 0, Skipped: 0, Time elapsed: 0.005 sec
Running org.springframework.cloud.gcp.data.spanner.repository.support.SpannerRepositoryFactoryTests
Tests run: 5, Failures: 0, Errors: 0, Skipped: 0, Time elapsed: 0.131 sec
Running org.springframework.cloud.gcp.data.spanner.repository.query.SpannerQueryLookupStrategyTests
Tests run: 2, Failures: 0, Errors: 0, Skipped: 0, Time elapsed: 0.078 sec
Running org.springframework.cloud.gcp.data.spanner.repository.query.SpannerStatementQueryTests
Tests run: 8, Failures: 0, Errors: 0, Skipped: 0, Time elapsed: 0.075 sec
Running org.springframework.cloud.gcp.data.spanner.repository.query.SqlSpannerQueryTests
Tests run: 1, Failures: 0, Errors: 1, Skipped: 0, Time elapsed: 0.004 sec <<< FAILURE!
compoundNameConventionTest(org.springframework.cloud.gcp.data.spanner.repository.query.SqlSpannerQueryTests)  Time elapsed: 0.004 sec  <<< ERROR!
java.lang.IllegalArgumentException: The number of tags does match the number of params.
	at org.springframework.cloud.gcp.data.spanner.repository.query.SpannerStatementQueryExecutor.buildStatementFromSqlWithArgs(SpannerStatementQueryExecutor.java:90)
	at org.springframework.cloud.gcp.data.spanner.repository.query.SqlSpannerQuery.execute(SqlSpannerQuery.java:118)
	at org.springframework.cloud.gcp.data.spanner.repository.query.SqlSpannerQueryTests.compoundNameConventionTest(SqlSpannerQueryTests.java:111)
	at sun.reflect.NativeMethodAccessorImpl.invoke0(Native Method)
	at sun.reflect.NativeMethodAccessorImpl.invoke(NativeMethodAccessorImpl.java:62)
	at sun.reflect.DelegatingMethodAccessorImpl.invoke(DelegatingMethodAccessorImpl.java:43)
	at java.lang.reflect.Method.invoke(Method.java:498)
	at org.junit.runners.model.FrameworkMethod$1.runReflectiveCall(FrameworkMethod.java:50)
	at org.junit.internal.runners.model.ReflectiveCallable.run(ReflectiveCallable.java:12)
	at org.junit.runners.model.FrameworkMethod.invokeExplosively(FrameworkMethod.java:47)
	at org.junit.internal.runners.statements.InvokeMethod.evaluate(InvokeMethod.java:17)
	at org.junit.internal.runners.statements.RunBefores.evaluate(RunBefores.java:26)
	at org.junit.runners.ParentRunner.runLeaf(ParentRunner.java:325)
	at org.junit.runners.BlockJUnit4ClassRunner.runChild(BlockJUnit4ClassRunner.java:78)
	at org.junit.runners.BlockJUnit4ClassRunner.runChild(BlockJUnit4ClassRunner.java:57)
	at org.junit.runners.ParentRunner$3.run(ParentRunner.java:290)
	at org.junit.runners.ParentRunner$1.schedule(ParentRunner.java:71)
	at org.junit.runners.ParentRunner.runChildren(ParentRunner.java:288)
	at org.junit.runners.ParentRunner.access$000(ParentRunner.java:58)
	at org.junit.runners.ParentRunner$2.evaluate(ParentRunner.java:268)
	at org.junit.runners.ParentRunner.run(ParentRunner.java:363)
	at org.apache.maven.surefire.junit4.JUnit4Provider.execute(JUnit4Provider.java:252)
	at org.apache.maven.surefire.junit4.JUnit4Provider.executeTestSet(JUnit4Provider.java:141)
	at org.apache.maven.surefire.junit4.JUnit4Provider.invoke(JUnit4Provider.java:112)
	at sun.reflect.NativeMethodAccessorImpl.invoke0(Native Method)
	at sun.reflect.NativeMethodAccessorImpl.invoke(NativeMethodAccessorImpl.java:62)
	at sun.reflect.DelegatingMethodAccessorImpl.invoke(DelegatingMethodAccessorImpl.java:43)
	at java.lang.reflect.Method.invoke(Method.java:498)
	at org.apache.maven.surefire.util.ReflectionUtils.invokeMethodWithArray(ReflectionUtils.java:189)
	at org.apache.maven.surefire.booter.ProviderFactory$ProviderProxy.invoke(ProviderFactory.java:165)
	at org.apache.maven.surefire.booter.ProviderFactory.invokeProvider(ProviderFactory.java:85)
	at org.apache.maven.surefire.booter.ForkedBooter.runSuitesInProcess(ForkedBooter.java:115)
	at org.apache.maven.surefire.booter.ForkedBooter.main(ForkedBooter.java:75)

Running org.springframework.cloud.gcp.data.spanner.repository.it.SpannerRepositoryIntegrationTests
18:22:18.694 [main] INFO  o.s.t.c.s.DefaultTestContextBootstrapper - Loaded default TestExecutionListener class names from location [META-INF/spring.factories]: [org.springframework.boot.test.mock.mockito.MockitoTestExecutionListener, org.springframework.boot.test.mock.mockito.ResetMocksTestExecutionListener, org.springframework.boot.test.autoconfigure.restdocs.RestDocsTestExecutionListener, org.springframework.boot.test.autoconfigure.web.client.MockRestServiceServerResetTestExecutionListener, org.springframework.boot.test.autoconfigure.web.servlet.MockMvcPrintOnlyOnFailureTestExecutionListener, org.springframework.boot.test.autoconfigure.web.servlet.WebDriverTestExecutionListener, org.springframework.test.context.web.ServletTestExecutionListener, org.springframework.test.context.support.DirtiesContextBeforeModesTestExecutionListener, org.springframework.test.context.support.DependencyInjectionTestExecutionListener, org.springframework.test.context.support.DirtiesContextTestExecutionListener, org.springframework.test.context.transaction.TransactionalTestExecutionListener, org.springframework.test.context.jdbc.SqlScriptsTestExecutionListener]
18:22:18.695 [main] INFO  o.s.t.c.s.DefaultTestContextBootstrapper - Using TestExecutionListeners: [org.springframework.test.context.support.DirtiesContextBeforeModesTestExecutionListener@49c17ba4, org.springframework.boot.test.mock.mockito.MockitoTestExecutionListener@43e065f2, org.springframework.test.context.support.DependencyInjectionTestExecutionListener@423c5404, org.springframework.test.context.support.DirtiesContextTestExecutionListener@5853ca50, org.springframework.test.context.transaction.TransactionalTestExecutionListener@1a0d96a5, org.springframework.test.context.jdbc.SqlScriptsTestExecutionListener@5a02bfe3, org.springframework.boot.test.mock.mockito.ResetMocksTestExecutionListener@7a3e5cd3, org.springframework.boot.test.autoconfigure.restdocs.RestDocsTestExecutionListener@3c79088e, org.springframework.boot.test.autoconfigure.web.client.MockRestServiceServerResetTestExecutionListener@4a37191a, org.springframework.boot.test.autoconfigure.web.servlet.MockMvcPrintOnlyOnFailureTestExecutionListener@5854a18, org.springframework.boot.test.autoconfigure.web.servlet.WebDriverTestExecutionListener@d5556bf]
Tests run: 1, Failures: 0, Errors: 0, Skipped: 1, Time elapsed: 0.001 sec
18:22:18.699 [Thread-0] INFO  o.s.c.s.GenericApplicationContext - Closing org.springframework.context.support.GenericApplicationContext@1c55f277: startup date [Fri Mar 13 18:22:16 PDT 2020]; root of context hierarchy

Results :

Tests in error: 
  compoundNameConventionTest(org.springframework.cloud.gcp.data.spanner.repository.query.SqlSpannerQueryTests): The number of tags does match the number of params.

Tests run: 164, Failures: 0, Errors: 1, Skipped: 2

[INFO] ------------------------------------------------------------------------
[INFO] BUILD FAILURE
[INFO] ------------------------------------------------------------------------
[INFO] Total time: 25.576 s
[INFO] Finished at: 2020-03-13T18:22:20-07:00
[INFO] Final Memory: 35M/1237M
[INFO] ------------------------------------------------------------------------
[ERROR] Failed to execute goal org.apache.maven.plugins:maven-surefire-plugin:2.12.4:test (default-test) on project spring-cloud-gcp-data-spanner: There are test failures.
[ERROR] 
[ERROR] Please refer to /scratch/tmp-rta/Bears_spring-cloud-spring-cloud-gcp_365341004-365349415_java-8/spring-cloud-gcp-data-spanner/target/surefire-reports for the individual test results.
[ERROR] -> [Help 1]
[ERROR] 
[ERROR] To see the full stack trace of the errors, re-run Maven with the -e switch.
[ERROR] Re-run Maven using the -X switch to enable full debug logging.
[ERROR] 
[ERROR] For more information about the errors and possible solutions, please read the following articles:
[ERROR] [Help 1] http://cwiki.apache.org/confluence/display/MAVEN/MojoFailureException
