Picked up JAVA_TOOL_OPTIONS: -XX:CICompilerCount=2 -XX:ParallelGCThreads=2 -XX:ConcGCThreads=2 -Djdk.net.URLClassPath.disableClassPathURLCheck=true 
Java HotSpot(TM) 64-Bit Server VM warning: ignoring option MaxPermSize=512m; support was removed in 8.0
Picked up _JAVA_OPTIONS: -Djdk.net.URLClassPath.disableClassPathURLCheck=true
Apache Maven 3.5.0 (Red Hat 3.5.0-4.3)
Maven home: /opt/rh/rh-maven35/root/usr/share/maven
Java version: 1.8.0_181, vendor: Oracle Corporation
Java home: /bam/scratch/jmcampos/RTA/repair_them_all_framework/jdks/jdk1.8.0_181/jre
Default locale: en_US, platform encoding: UTF-8
OS name: "linux", version: "4.14.147-1.el7.retpoline.x86_64", arch: "amd64", family: "unix"
[INFO] Scanning for projects...
[INFO] 
[INFO] ------------------------------------------------------------------------
[INFO] Building data-security 7.0.0-SNAPSHOT
[INFO] ------------------------------------------------------------------------
[INFO] 
[INFO] --- maven-enforcer-plugin:1.4.1:enforce (enforce-banned-dependencies) @ molgenis-data-security ---
[INFO] Skipping Rule Enforcement.
[INFO] 
[INFO] --- jacoco-maven-plugin:0.8.1:prepare-agent (pre-unit-test) @ molgenis-data-security ---
[INFO] Skipping JaCoCo execution because property jacoco.skip is set.
[INFO] argLine set to empty
[INFO] 
[INFO] --- build-helper-maven-plugin:3.0.0:add-source (execution-annotations) @ molgenis-data-security ---
[INFO] Source directory: /bam/scratch/tmp-rta/Bears_molgenis-molgenis_361993202-362486982_java-8/molgenis-data-security/target/generated-sources/annotations added.
[INFO] 
[INFO] --- build-helper-maven-plugin:3.0.0:add-resource (minify-build-helper) @ molgenis-data-security ---
[INFO] 
[INFO] --- maven-resources-plugin:3.0.2:resources (default-resources) @ molgenis-data-security ---
[INFO] Using 'UTF-8' encoding to copy filtered resources.
[INFO] Copying 0 resource
[INFO] skip non existing resourceDirectory /bam/scratch/tmp-rta/Bears_molgenis-molgenis_361993202-362486982_java-8/molgenis-data-security/src/main/resources
[INFO] skip non existing resourceDirectory /bam/scratch/tmp-rta/Bears_molgenis-molgenis_361993202-362486982_java-8/molgenis-data-security/target/generated-resources
[INFO] 
[INFO] --- maven-compiler-plugin:3.6.1:compile (default-compile) @ molgenis-data-security ---
[INFO] Nothing to compile - all classes are up to date
[INFO] 
[INFO] --- maven-resources-plugin:3.0.2:copy-resources (copy-generated-resources) @ molgenis-data-security ---
[INFO] Using 'UTF-8' encoding to copy filtered resources.
[INFO] skip non existing resourceDirectory /bam/scratch/tmp-rta/Bears_molgenis-molgenis_361993202-362486982_java-8/molgenis-data-security/target/generated-resources
[INFO] 
[INFO] --- maven-resources-plugin:3.0.2:testResources (default-testResources) @ molgenis-data-security ---
[INFO] Using 'UTF-8' encoding to copy filtered resources.
[INFO] Copying 1 resource
[INFO] 
[INFO] --- maven-compiler-plugin:3.6.1:testCompile (default-testCompile) @ molgenis-data-security ---
[INFO] Nothing to compile - all classes are up to date
[INFO] 
[INFO] --- maven-surefire-plugin:2.19.1:test (default-test) @ molgenis-data-security ---
[INFO] Downloading: https://repo.maven.apache.org/maven2/org/apache/maven/surefire/surefire-testng/2.19.1/surefire-testng-2.19.1.pom
[INFO] Downloaded: https://repo.maven.apache.org/maven2/org/apache/maven/surefire/surefire-testng/2.19.1/surefire-testng-2.19.1.pom (2.3 kB at 12 kB/s)
[INFO] Downloading: https://repo.maven.apache.org/maven2/org/apache/maven/surefire/surefire-providers/2.19.1/surefire-providers-2.19.1.pom
[INFO] Downloaded: https://repo.maven.apache.org/maven2/org/apache/maven/surefire/surefire-providers/2.19.1/surefire-providers-2.19.1.pom (2.6 kB at 3.3 kB/s)
[INFO] Downloading: https://repo.maven.apache.org/maven2/org/apache/maven/surefire/common-java5/2.19.1/common-java5-2.19.1.pom
[INFO] Downloaded: https://repo.maven.apache.org/maven2/org/apache/maven/surefire/common-java5/2.19.1/common-java5-2.19.1.pom (2.7 kB at 206 kB/s)
[INFO] Downloading: https://repo.maven.apache.org/maven2/org/apache/maven/surefire/surefire-testng-utils/2.19.1/surefire-testng-utils-2.19.1.pom
[INFO] Downloaded: https://repo.maven.apache.org/maven2/org/apache/maven/surefire/surefire-testng-utils/2.19.1/surefire-testng-utils-2.19.1.pom (3.1 kB at 254 kB/s)
[INFO] Downloading: https://repo.maven.apache.org/maven2/org/apache/maven/surefire/surefire-grouper/2.19.1/surefire-grouper-2.19.1.pom
[INFO] Downloaded: https://repo.maven.apache.org/maven2/org/apache/maven/surefire/surefire-grouper/2.19.1/surefire-grouper-2.19.1.pom (2.6 kB at 239 kB/s)
[INFO] Downloading: https://repo.maven.apache.org/maven2/org/apache/maven/surefire/surefire-testng/2.19.1/surefire-testng-2.19.1.jar
[INFO] Downloading: https://repo.maven.apache.org/maven2/org/apache/maven/surefire/common-java5/2.19.1/common-java5-2.19.1.jar
[INFO] Downloading: https://repo.maven.apache.org/maven2/org/apache/maven/surefire/surefire-testng-utils/2.19.1/surefire-testng-utils-2.19.1.jar
[INFO] Downloading: https://repo.maven.apache.org/maven2/org/apache/maven/surefire/surefire-grouper/2.19.1/surefire-grouper-2.19.1.jar
[INFO] Downloaded: https://repo.maven.apache.org/maven2/org/apache/maven/surefire/surefire-grouper/2.19.1/surefire-grouper-2.19.1.jar (38 kB at 1.8 MB/s)
[INFO] Downloaded: https://repo.maven.apache.org/maven2/org/apache/maven/surefire/surefire-testng/2.19.1/surefire-testng-2.19.1.jar (42 kB at 1.8 MB/s)
[INFO] Downloaded: https://repo.maven.apache.org/maven2/org/apache/maven/surefire/surefire-testng-utils/2.19.1/surefire-testng-utils-2.19.1.jar (27 kB at 14 kB/s)
[INFO] Downloaded: https://repo.maven.apache.org/maven2/org/apache/maven/surefire/common-java5/2.19.1/common-java5-2.19.1.jar (44 kB at 11 kB/s)

-------------------------------------------------------
 T E S T S
-------------------------------------------------------
Picked up JAVA_TOOL_OPTIONS: -XX:CICompilerCount=2 -XX:ParallelGCThreads=2 -XX:ConcGCThreads=2 -Djdk.net.URLClassPath.disableClassPathURLCheck=true -XX:CICompilerCount=2 -XX:ParallelGCThreads=2 -XX:ConcGCThreads=2 -Djdk.net.URLClassPath.disableClassPathURLCheck=true 
Picked up _JAVA_OPTIONS: -Djdk.net.URLClassPath.disableClassPathURLCheck=true
Running TestSuite
[MockitoHint] SystemEntityTypeRegistryImplTest.null (see javadoc for MockitoHint):
[MockitoHint] 1. Unused -> at org.molgenis.data.security.SystemEntityTypeRegistryImplTest.testGetSystemAttributeCompound(SystemEntityTypeRegistryImplTest.java:176)

[MockitoHint] SystemEntityTypeRegistryImplTest.null (see javadoc for MockitoHint):
[MockitoHint] 1. Unused -> at org.molgenis.data.security.SystemEntityTypeRegistryImplTest.testGetSystemAttributeCompoundNotExists(SystemEntityTypeRegistryImplTest.java:200)

[MockitoHint] SystemEntityTypeRegistryImplTest.null (see javadoc for MockitoHint):
[MockitoHint] 1. Unused -> at org.molgenis.data.security.SystemEntityTypeRegistryImplTest.testGetSystemAttributePermittedNotExists(SystemEntityTypeRegistryImplTest.java:147)

[MockitoHint] SystemEntityTypeRegistryImplTest.null (see javadoc for MockitoHint):
[MockitoHint] 1. Unused -> at org.molgenis.data.security.SystemEntityTypeRegistryImplTest.testHasSystemAttributeNotPermitted(SystemEntityTypeRegistryImplTest.java:244)

[MockitoHint] SystemEntityTypeRegistryImplTest.null (see javadoc for MockitoHint):
[MockitoHint] 1. Unused -> at org.molgenis.data.security.SystemEntityTypeRegistryImplTest.testHasSystemAttributePermittedExists(SystemEntityTypeRegistryImplTest.java:215)

[MockitoHint] SystemEntityTypeRegistryImplTest.null (see javadoc for MockitoHint):
[MockitoHint] 1. Unused -> at org.molgenis.data.security.SystemEntityTypeRegistryImplTest.testHasSystemAttributePermittedNotExists(SystemEntityTypeRegistryImplTest.java:229)

Tests run: 598, Failures: 2, Errors: 0, Skipped: 486, Time elapsed: 5.303 sec <<< FAILURE! - in TestSuite
findOneQueryUserPermissionAllowed(org.molgenis.data.security.meta.EntityTypeRepositorySecurityDecoratorTest)  Time elapsed: 0.006 sec  <<< FAILURE!
java.lang.AssertionError: expected [Mock for EntityType, hashCode: 502386384] but found [null]
	at org.molgenis.data.security.meta.EntityTypeRepositorySecurityDecoratorTest.findOneQueryUserPermissionAllowed(EntityTypeRepositorySecurityDecoratorTest.java:215)

tearDownAfterMethod(org.molgenis.data.security.meta.EntityTypeRepositorySecurityDecoratorTest)  Time elapsed: 0.013 sec  <<< FAILURE!
org.mockito.exceptions.misusing.UnnecessaryStubbingException: 

Unnecessary stubbings detected.
Clean & maintainable test code requires zero unnecessary code.
Following stubbings are unnecessary (click to navigate to relevant line of code):
  1. -> at org.molgenis.data.security.meta.EntityTypeRepositorySecurityDecoratorTest.findOneQueryUserPermissionAllowed(EntityTypeRepositorySecurityDecoratorTest.java:209)
  2. -> at org.molgenis.data.security.meta.EntityTypeRepositorySecurityDecoratorTest.findOneQueryUserPermissionAllowed(EntityTypeRepositorySecurityDecoratorTest.java:212)
  3. -> at org.molgenis.data.security.meta.EntityTypeRepositorySecurityDecoratorTest.findOneQueryUserPermissionAllowed(EntityTypeRepositorySecurityDecoratorTest.java:213)
Please remove unnecessary stubbings or use 'silent' option. More info: javadoc for UnnecessaryStubbingException class.


Results :

Failed tests: 
  EntityTypeRepositorySecurityDecoratorTest>AbstractTestNGSpringContextTests.run:180->findOneQueryUserPermissionAllowed:215 expected [Mock for EntityType, hashCode: 502386384] but found [null]
org.molgenis.data.security.meta.EntityTypeRepositorySecurityDecoratorTest.tearDownAfterMethod(org.molgenis.data.security.meta.EntityTypeRepositorySecurityDecoratorTest)
  Run 1: EntityTypeRepositorySecurityDecoratorTest>AbstractMockitoTestNGSpringContextTests.tearDownAfterMethod:37 Â» UnnecessaryStubbing
  Run 2: PASS
  Run 3: PASS
  Run 4: PASS
  Run 5: PASS
  Run 6: PASS
  Run 7: PASS


Tests run: 229, Failures: 2, Errors: 0, Skipped: 117

[INFO] ------------------------------------------------------------------------
[INFO] BUILD FAILURE
[INFO] ------------------------------------------------------------------------
[INFO] Total time: 38.877 s
[INFO] Finished at: 2020-03-13T16:53:51-07:00
[INFO] Final Memory: 28M/1237M
[INFO] ------------------------------------------------------------------------
[ERROR] Failed to execute goal org.apache.maven.plugins:maven-surefire-plugin:2.19.1:test (default-test) on project molgenis-data-security: There are test failures.
[ERROR] 
[ERROR] Please refer to /bam/scratch/tmp-rta/Bears_molgenis-molgenis_361993202-362486982_java-8/molgenis-data-security/target/surefire-reports for the individual test results.
[ERROR] -> [Help 1]
[ERROR] 
[ERROR] To see the full stack trace of the errors, re-run Maven with the -e switch.
[ERROR] Re-run Maven using the -X switch to enable full debug logging.
[ERROR] 
[ERROR] For more information about the errors and possible solutions, please read the following articles:
[ERROR] [Help 1] http://cwiki.apache.org/confluence/display/MAVEN/MojoFailureException
